# JRE version: Java(TM) SE Runtime Environment (21.0.7+8) (build 21.0.7+8-LTS-245)
# Java VM: Java HotSpot(TM) 64-Bit Server VM (21.0.7+8-LTS-245, mixed mode, sharing, tiered, compressed oops, compressed class ptrs, g1 gc, windows-amd64)
GC Precious Log:
 CardTable entry size: 512
 Card Set container configuration: InlinePtr #cards 4 size 8 Array Of Cards #cards 16 size 48 Howl #buckets 8 coarsen threshold 3686 Howl Bitmap #cards 512 size 80 coarsen threshold 460 Card regions per heap region 1 cards per card region 4096
 CPUs: 4 total, 4 available
 Memory: 12087M
 Large Page Support: Disabled
 NUMA Support: Disabled
 Compressed Oops: Enabled (Zero based)
 Heap Region Size: 2M
 Heap Min Capacity: 8M
 Heap Initial Capacity: 190M
 Heap Max Capacity: 3022M
 Pre-touch: Disabled
 Parallel Workers: 4
 Concurrent Workers: 1
 Concurrent Refinement Workers: 4
 Periodic GC: Disabled
Heap:
 garbage-first heap   total 55296K, used 43981K [0x0000000502000000, 0x00000005bee00000)
  region size 2048K, 13 young (26624K), 2 survivors (4096K)
 Metaspace       used 51255K, committed 51904K, reserved 1114112K
  class space    used 6673K, committed 6976K, reserved 1048576K
GC Heap History (17 events):
Event: 0.432 GC heap before
{Heap before GC invocations=0 (full 0):
 garbage-first heap   total 194560K, used 10240K [0x0000000502000000, 0x00000005bee00000)
  region size 2048K, 6 young (12288K), 0 survivors (0K)
 Metaspace       used 2721K, committed 2880K, reserved 1114112K
  class space    used 257K, committed 320K, reserved 1048576K
}
Event: 0.435 GC heap after
{Heap after GC invocations=1 (full 0):
 garbage-first heap   total 194560K, used 6042K [0x0000000502000000, 0x00000005bee00000)
  region size 2048K, 1 young (2048K), 1 survivors (2048K)
 Metaspace       used 2721K, committed 2880K, reserved 1114112K
  class space    used 257K, committed 320K, reserved 1048576K
}
Event: 0.707 GC heap before
{Heap before GC invocations=1 (full 0):
 garbage-first heap   total 194560K, used 12186K [0x0000000502000000, 0x00000005bee00000)
  region size 2048K, 5 young (10240K), 1 survivors (2048K)
 Metaspace       used 5163K, committed 5440K, reserved 1114112K
  class space    used 577K, committed 704K, reserved 1048576K
}
Event: 0.710 GC heap after
{Heap after GC invocations=2 (full 0):
 garbage-first heap   total 194560K, used 7144K [0x0000000502000000, 0x00000005bee00000)
  region size 2048K, 1 young (2048K), 1 survivors (2048K)
 Metaspace       used 5163K, committed 5440K, reserved 1114112K
  class space    used 577K, committed 704K, reserved 1048576K
}
Event: 1.240 GC heap before
{Heap before GC invocations=2 (full 0):
 garbage-first heap   total 194560K, used 29672K [0x0000000502000000, 0x00000005bee00000)
  region size 2048K, 13 young (26624K), 1 survivors (2048K)
 Metaspace       used 12310K, committed 12672K, reserved 1114112K
  class space    used 1497K, committed 1664K, reserved 1048576K
}
Event: 1.245 GC heap after
{Heap after GC invocations=3 (full 0):
 garbage-first heap   total 194560K, used 9548K [0x0000000502000000, 0x00000005bee00000)
  region size 2048K, 2 young (4096K), 2 survivors (4096K)
 Metaspace       used 12310K, committed 12672K, reserved 1114112K
  class space    used 1497K, committed 1664K, reserved 1048576K
}
Event: 2.049 GC heap before
{Heap before GC invocations=3 (full 0):
 garbage-first heap   total 194560K, used 52556K [0x0000000502000000, 0x00000005bee00000)
  region size 2048K, 24 young (49152K), 2 survivors (4096K)
 Metaspace       used 21146K, committed 21504K, reserved 1114112K
  class space    used 2566K, committed 2752K, reserved 1048576K
}
Event: 2.055 GC heap after
{Heap after GC invocations=4 (full 0):
 garbage-first heap   total 194560K, used 13784K [0x0000000502000000, 0x00000005bee00000)
  region size 2048K, 4 young (8192K), 4 survivors (8192K)
 Metaspace       used 21146K, committed 21504K, reserved 1114112K
  class space    used 2566K, committed 2752K, reserved 1048576K
}
Event: 2.722 GC heap before
{Heap before GC invocations=5 (full 0):
 garbage-first heap   total 55296K, used 38360K [0x0000000502000000, 0x00000005bee00000)
  region size 2048K, 16 young (32768K), 4 survivors (8192K)
 Metaspace       used 25516K, committed 26048K, reserved 1114112K
  class space    used 3171K, committed 3392K, reserved 1048576K
}
Event: 2.732 GC heap after
{Heap after GC invocations=6 (full 0):
 garbage-first heap   total 55296K, used 16512K [0x0000000502000000, 0x00000005bee00000)
  region size 2048K, 2 young (4096K), 2 survivors (4096K)
 Metaspace       used 25516K, committed 26048K, reserved 1114112K
  class space    used 3171K, committed 3392K, reserved 1048576K
}
Event: 3.970 GC heap before
{Heap before GC invocations=6 (full 0):
 garbage-first heap   total 55296K, used 39040K [0x0000000502000000, 0x00000005bee00000)
  region size 2048K, 13 young (26624K), 2 survivors (4096K)
 Metaspace       used 30640K, committed 31168K, reserved 1114112K
  class space    used 3779K, committed 4032K, reserved 1048576K
}
Event: 3.983 GC heap after
{Heap after GC invocations=7 (full 0):
 garbage-first heap   total 55296K, used 18540K [0x0000000502000000, 0x00000005bee00000)
  region size 2048K, 2 young (4096K), 2 survivors (4096K)
 Metaspace       used 30640K, committed 31168K, reserved 1114112K
  class space    used 3779K, committed 4032K, reserved 1048576K
}
Event: 4.976 GC heap before
{Heap before GC invocations=7 (full 0):
 garbage-first heap   total 55296K, used 34924K [0x0000000502000000, 0x00000005bee00000)
  region size 2048K, 11 young (22528K), 2 survivors (4096K)
 Metaspace       used 35410K, committed 35968K, reserved 1114112K
  class space    used 4575K, committed 4800K, reserved 1048576K
}
Event: 4.985 GC heap after
{Heap after GC invocations=8 (full 0):
 garbage-first heap   total 55296K, used 19670K [0x0000000502000000, 0x00000005bee00000)
  region size 2048K, 1 young (2048K), 1 survivors (2048K)
 Metaspace       used 35410K, committed 35968K, reserved 1114112K
  class space    used 4575K, committed 4800K, reserved 1048576K
}
Event: 6.528 GC heap before
{Heap before GC invocations=9 (full 0):
 garbage-first heap   total 55296K, used 44246K [0x0000000502000000, 0x00000005bee00000)
  region size 2048K, 13 young (26624K), 1 survivors (2048K)
 Metaspace       used 41697K, committed 42240K, reserved 1114112K
  class space    used 5559K, committed 5824K, reserved 1048576K
}
Event: 6.537 GC heap after
{Heap after GC invocations=10 (full 0):
 garbage-first heap   total 55296K, used 21453K [0x0000000502000000, 0x00000005bee00000)
  region size 2048K, 2 young (4096K), 2 survivors (4096K)
 Metaspace       used 41697K, committed 42240K, reserved 1114112K
  class space    used 5559K, committed 5824K, reserved 1048576K
}
Event: 7.711 GC heap before
{Heap before GC invocations=10 (full 0):
 garbage-first heap   total 55296K, used 43981K [0x0000000502000000, 0x00000005bee00000)
  region size 2048K, 13 young (26624K), 2 survivors (4096K)
 Metaspace       used 51255K, committed 51904K, reserved 1114112K
  class space    used 6673K, committed 6976K, reserved 1048576K
}

